Determining if the pthread_create exist failed with the following output:
Change Dir: /home/pratheek/new_kuksa_repo/kuksa.invehicle/datalogger-mqtt/build/CMakeFiles/CMakeTmp

Run Build Command:"/usr/bin/make" "cmTC_b51d4/fast"
/usr/bin/make -f CMakeFiles/cmTC_b51d4.dir/build.make CMakeFiles/cmTC_b51d4.dir/build
make[1]: Verzeichnis „/home/pratheek/new_kuksa_repo/kuksa.invehicle/datalogger-mqtt/build/CMakeFiles/CMakeTmp“ wird betreten
Building C object CMakeFiles/cmTC_b51d4.dir/CheckSymbolExists.c.o
/usr/bin/cc     -o CMakeFiles/cmTC_b51d4.dir/CheckSymbolExists.c.o   -c /home/pratheek/new_kuksa_repo/kuksa.invehicle/datalogger-mqtt/build/CMakeFiles/CMakeTmp/CheckSymbolExists.c
Linking C executable cmTC_b51d4
/usr/bin/cmake -E cmake_link_script CMakeFiles/cmTC_b51d4.dir/link.txt --verbose=1
/usr/bin/cc       CMakeFiles/cmTC_b51d4.dir/CheckSymbolExists.c.o  -o cmTC_b51d4 -rdynamic 
CMakeFiles/cmTC_b51d4.dir/CheckSymbolExists.c.o: In Funktion `main':
CheckSymbolExists.c:(.text+0x16): Nicht definierter Verweis auf `pthread_create'
collect2: error: ld returned 1 exit status
CMakeFiles/cmTC_b51d4.dir/build.make:97: die Regel für Ziel „cmTC_b51d4“ scheiterte
make[1]: *** [cmTC_b51d4] Fehler 1
make[1]: Verzeichnis „/home/pratheek/new_kuksa_repo/kuksa.invehicle/datalogger-mqtt/build/CMakeFiles/CMakeTmp“ wird verlassen
Makefile:126: die Regel für Ziel „cmTC_b51d4/fast“ scheiterte
make: *** [cmTC_b51d4/fast] Fehler 2

File /home/pratheek/new_kuksa_repo/kuksa.invehicle/datalogger-mqtt/build/CMakeFiles/CMakeTmp/CheckSymbolExists.c:
/* */
#include <pthread.h>

int main(int argc, char** argv)
{
  (void)argv;
#ifndef pthread_create
  return ((int*)(&pthread_create))[argc];
#else
  (void)argc;
  return 0;
#endif
}

Determining if the function pthread_create exists in the pthreads failed with the following output:
Change Dir: /home/pratheek/new_kuksa_repo/kuksa.invehicle/datalogger-mqtt/build/CMakeFiles/CMakeTmp

Run Build Command:"/usr/bin/make" "cmTC_75377/fast"
/usr/bin/make -f CMakeFiles/cmTC_75377.dir/build.make CMakeFiles/cmTC_75377.dir/build
make[1]: Verzeichnis „/home/pratheek/new_kuksa_repo/kuksa.invehicle/datalogger-mqtt/build/CMakeFiles/CMakeTmp“ wird betreten
Building C object CMakeFiles/cmTC_75377.dir/CheckFunctionExists.c.o
/usr/bin/cc    -DCHECK_FUNCTION_EXISTS=pthread_create   -o CMakeFiles/cmTC_75377.dir/CheckFunctionExists.c.o   -c /usr/share/cmake-3.5/Modules/CheckFunctionExists.c
Linking C executable cmTC_75377
/usr/bin/cmake -E cmake_link_script CMakeFiles/cmTC_75377.dir/link.txt --verbose=1
/usr/bin/cc   -DCHECK_FUNCTION_EXISTS=pthread_create    CMakeFiles/cmTC_75377.dir/CheckFunctionExists.c.o  -o cmTC_75377 -rdynamic -lpthreads 
/usr/bin/ld: cannot find -lpthreads
collect2: error: ld returned 1 exit status
CMakeFiles/cmTC_75377.dir/build.make:97: die Regel für Ziel „cmTC_75377“ scheiterte
make[1]: *** [cmTC_75377] Fehler 1
make[1]: Verzeichnis „/home/pratheek/new_kuksa_repo/kuksa.invehicle/datalogger-mqtt/build/CMakeFiles/CMakeTmp“ wird verlassen
Makefile:126: die Regel für Ziel „cmTC_75377/fast“ scheiterte
make: *** [cmTC_75377/fast] Fehler 2


